<?xml version="1.0" encoding="UTF-8"?>
<testng-results ignored="0" total="1" passed="1" failed="0" skipped="0">
  <reporter-output>
  </reporter-output>
  <suite started-at="2025-04-11T07:00:59 IST" name="Default suite" finished-at="2025-04-11T07:01:20 IST" duration-ms="20448">
    <groups>
    </groups>
    <test started-at="2025-04-11T07:00:59 IST" name="Default test" finished-at="2025-04-11T07:01:20 IST" duration-ms="20448">
      <class name="com.tcs.testcases.RadioButton">
        <test-method is-config="true" signature="launcApp()[pri:0, instance:com.tcs.testcases.RadioButton@2ddc9a9f]" started-at="2025-04-11T07:00:59 IST" name="launcApp" finished-at="2025-04-11T07:01:19 IST" duration-ms="19410" status="PASS">
          <reporter-output>
          </reporter-output>
        </test-method> <!-- launcApp -->
        <test-method signature="radiobtn()[pri:0, instance:com.tcs.testcases.RadioButton@2ddc9a9f]" started-at="2025-04-11T07:01:19 IST" name="radiobtn" finished-at="2025-04-11T07:01:19 IST" duration-ms="571" status="PASS">
          <reporter-output>
          </reporter-output>
        </test-method> <!-- radiobtn -->
        <test-method is-config="true" signature="teardown()[pri:0, instance:com.tcs.testcases.RadioButton@2ddc9a9f]" started-at="2025-04-11T07:01:19 IST" name="teardown" finished-at="2025-04-11T07:01:20 IST" duration-ms="416" status="PASS">
          <reporter-output>
          </reporter-output>
        </test-method> <!-- teardown -->
      </class> <!-- com.tcs.testcases.RadioButton -->
    </test> <!-- Default test -->
  </suite> <!-- Default suite -->
</testng-results>
